Using pre-set license
Built from '2021.1/staging' branch; Version is '2021.1.14f1 (51d2f824827f) revision 5362424'; Using compiler version '192528614'; Build Type 'Release'
OS: 'Windows 10 Home; OS build 19042.1165; Version 2009; 64bit' Language: 'sv' Physical Memory: 32689 MB
BatchMode: 1, IsHumanControllingUs: 0, StartBugReporterOnCrash: 0, Is64bit: 1, IsPro: 0

 COMMAND LINE ARGUMENTS:
C:\Program Files\Unity\Hub\Editor\2021.1.14f1\Editor\Unity.exe
-adb2
-batchMode
-noUpm
-name
AssetImportWorker0
-projectPath
D:/PersonalProjects/PersonalProjects/CityBuilder/CityBuilder
-logFile
Logs/AssetImportWorker0.log
-srvPort
57586
Successfully changed project path to: D:/PersonalProjects/PersonalProjects/CityBuilder/CityBuilder
D:/PersonalProjects/PersonalProjects/CityBuilder/CityBuilder
Using Asset Import Pipeline V2.
Refreshing native plugins compatible for Editor in 32.68 ms, found 2 plugins.
Preloading 0 native plugins for Editor in 0.00 ms.
Initialize engine version: 2021.1.14f1 (51d2f824827f)
[Subsystems] Discovering subsystems at path C:/Program Files/Unity/Hub/Editor/2021.1.14f1/Editor/Data/Resources/UnitySubsystems
[Subsystems] Discovering subsystems at path D:/PersonalProjects/PersonalProjects/CityBuilder/CityBuilder/Assets
GfxDevice: creating device client; threaded=0; jobified=0
Direct3D:
    Version:  Direct3D 11.0 [level 11.1]
    Renderer: NVIDIA GeForce RTX 3070 Ti (ID=0x2482)
    Vendor:   NVIDIA
    VRAM:     8041 MB
    Driver:   30.0.14.7141
Initialize mono
Mono path[0] = 'C:/Program Files/Unity/Hub/Editor/2021.1.14f1/Editor/Data/Managed'
Mono path[1] = 'C:/Program Files/Unity/Hub/Editor/2021.1.14f1/Editor/Data/MonoBleedingEdge/lib/mono/unityjit'
Mono config path = 'C:/Program Files/Unity/Hub/Editor/2021.1.14f1/Editor/Data/MonoBleedingEdge/etc'
Using monoOptions --debugger-agent=transport=dt_socket,embedding=1,server=y,suspend=n,address=127.0.0.1:56340
Begin MonoManager ReloadAssembly
Registering precompiled unity dll's ...
Register platform support module: C:/Program Files/Unity/Hub/Editor/2021.1.14f1/Editor/Data/PlaybackEngines/WindowsStandaloneSupport/UnityEditor.WindowsStandalone.Extensions.dll
Registered in 0.002274 seconds.
Native extension for WindowsStandalone target not found
Refreshing native plugins compatible for Editor in 30.26 ms, found 2 plugins.
Preloading 0 native plugins for Editor in 0.00 ms.
Mono: successfully reloaded assembly
- Completed reload, in  1.846 seconds
Domain Reload Profiling:
	ReloadAssembly (1847ms)
		BeginReloadAssembly (45ms)
			ExecutionOrderSort (0ms)
			DisableScriptedObjects (0ms)
			BackupInstance (0ms)
			ReleaseScriptingObjects (0ms)
			CreateAndSetChildDomain (1ms)
		EndReloadAssembly (311ms)
			LoadAssemblies (40ms)
			RebuildTransferFunctionScriptingTraits (0ms)
			SetupTypeCache (111ms)
			ReleaseScriptCaches (0ms)
			RebuildScriptCaches (23ms)
			SetupLoadedEditorAssemblies (138ms)
				LogAssemblyErrors (0ms)
				InitializePlatformSupportModulesInManaged (5ms)
				SetLoadedEditorAssemblies (0ms)
				RefreshPlugins (31ms)
				BeforeProcessingInitializeOnLoad (1ms)
				ProcessInitializeOnLoadAttributes (78ms)
				ProcessInitializeOnLoadMethodAttributes (22ms)
				AfterProcessingInitializeOnLoad (0ms)
				EditorAssembliesLoaded (0ms)
			ExecutionOrderSort2 (0ms)
			AwakeInstancesAfterBackupRestoration (0ms)
Platform modules already initialized, skipping
Registering precompiled user dll's ...
Registered in 0.002681 seconds.
Begin MonoManager ReloadAssembly
Native extension for WindowsStandalone target not found
Refreshing native plugins compatible for Editor in 0.43 ms, found 2 plugins.
Preloading 0 native plugins for Editor in 0.00 ms.
Mono: successfully reloaded assembly
- Completed reload, in  0.838 seconds
Domain Reload Profiling:
	ReloadAssembly (839ms)
		BeginReloadAssembly (110ms)
			ExecutionOrderSort (0ms)
			DisableScriptedObjects (4ms)
			BackupInstance (0ms)
			ReleaseScriptingObjects (0ms)
			CreateAndSetChildDomain (17ms)
		EndReloadAssembly (680ms)
			LoadAssemblies (63ms)
			RebuildTransferFunctionScriptingTraits (0ms)
			SetupTypeCache (215ms)
			ReleaseScriptCaches (0ms)
			RebuildScriptCaches (38ms)
			SetupLoadedEditorAssemblies (297ms)
				LogAssemblyErrors (0ms)
				InitializePlatformSupportModulesInManaged (5ms)
				SetLoadedEditorAssemblies (0ms)
				RefreshPlugins (1ms)
				BeforeProcessingInitializeOnLoad (50ms)
				ProcessInitializeOnLoadAttributes (229ms)
				ProcessInitializeOnLoadMethodAttributes (4ms)
				AfterProcessingInitializeOnLoad (8ms)
				EditorAssembliesLoaded (0ms)
			ExecutionOrderSort2 (0ms)
			AwakeInstancesAfterBackupRestoration (5ms)
Platform modules already initialized, skipping
========================================================================
Worker process is ready to serve import requests
Launched and connected shader compiler UnityShaderCompiler.exe after 0.10 seconds
Refreshing native plugins compatible for Editor in 0.43 ms, found 2 plugins.
Preloading 0 native plugins for Editor in 0.00 ms.
Unloading 2023 Unused Serialized files (Serialized files now loaded: 0)
System memory in use before: 98.9 MB.
System memory in use after: 98.9 MB.

Unloading 83 unused Assets to reduce memory usage. Loaded Objects now: 2470.
Total: 2.145800 ms (FindLiveObjects: 0.135800 ms CreateObjectMapping: 0.044200 ms MarkObjects: 1.841100 ms  DeleteObjects: 0.124000 ms)

AssetImportParameters requested are different than current active one (requested -> active):
  custom:framework-win-MediaFoundation: 216162199b28c13a410421893ffa2e32 -> 
  custom:video-decoder-ogg-theora: a1e56fd34408186e4bbccfd4996cb3dc -> 
  custom:container-muxer-webm: aa71ff27fc2769a1b78a27578f13a17b -> 
  custom:container-demuxer-webm: 4f35f7cbe854078d1ac9338744f61a02 -> 
  custom:container-demuxer-ogg: 62fdf1f143b41e24485cea50d1cbac27 -> 
  custom:video-encoder-webm-vp8: eb34c28f22e8b96e1ab97ce403110664 -> 
  custom:video-decoder-webm-vp8: 9c59270c3fd7afecdb556c50c9e8de78 -> 
  custom:audio-decoder-ogg-vorbis: bf7c407c2cedff20999df2af8eb42d56 -> 
  custom:audio-encoder-webm-vorbis: bf7c407c2cedff20999df2af8eb42d56 -> 
========================================================================
Received Import Request.
  path: Assets/EditModeTests/NewTestScript.cs
  artifactKey: Guid(8e1250422e5257e47abd50de7cddc4c4) Importer(815301076,1909f56bfc062723c751e8b465ee728b)
Start importing Assets/EditModeTests/NewTestScript.cs using Guid(8e1250422e5257e47abd50de7cddc4c4) Importer(815301076,1909f56bfc062723c751e8b465ee728b)  -> (artifact id: 'ed20be3b7028a2159ea6299991217976') in 0.056543 seconds 
========================================================================
Received Import Request.
  Time since last request: 7102.798889 seconds.
  path: Assets/EditModeTests/BuildingManagerPlaymodeTest.cs
  artifactKey: Guid(8e1250422e5257e47abd50de7cddc4c4) Importer(815301076,1909f56bfc062723c751e8b465ee728b)
Start importing Assets/EditModeTests/BuildingManagerPlaymodeTest.cs using Guid(8e1250422e5257e47abd50de7cddc4c4) Importer(815301076,1909f56bfc062723c751e8b465ee728b)  -> (artifact id: '66717947cc8986e516b05471fb51858f') in 0.017726 seconds 
========================================================================
Received Import Request.
  Time since last request: 145.613306 seconds.
  path: Assets/EditModeTests/BuildingManagerPlaymodeTest.cs
  artifactKey: Guid(8e1250422e5257e47abd50de7cddc4c4) Importer(815301076,1909f56bfc062723c751e8b465ee728b)
Start importing Assets/EditModeTests/BuildingManagerPlaymodeTest.cs using Guid(8e1250422e5257e47abd50de7cddc4c4) Importer(815301076,1909f56bfc062723c751e8b465ee728b)  -> (artifact id: 'a593c75c3c6f676ac11e75a19a74412f') in 0.034108 seconds 
========================================================================
Received Import Request.
  Time since last request: 57.527927 seconds.
  path: Assets/EditModeTests/BuildingManagerPlaymodeTest.cs
  artifactKey: Guid(8e1250422e5257e47abd50de7cddc4c4) Importer(815301076,1909f56bfc062723c751e8b465ee728b)
Start importing Assets/EditModeTests/BuildingManagerPlaymodeTest.cs using Guid(8e1250422e5257e47abd50de7cddc4c4) Importer(815301076,1909f56bfc062723c751e8b465ee728b)  -> (artifact id: '593fa6bf90860b9fc1f5612e4008d4d5') in 0.034252 seconds 
========================================================================
Received Import Request.
  Time since last request: 173.004236 seconds.
  path: Assets/EditModeTests/BuildingManagerPlaymodeTest.cs
  artifactKey: Guid(8e1250422e5257e47abd50de7cddc4c4) Importer(815301076,1909f56bfc062723c751e8b465ee728b)
Start importing Assets/EditModeTests/BuildingManagerPlaymodeTest.cs using Guid(8e1250422e5257e47abd50de7cddc4c4) Importer(815301076,1909f56bfc062723c751e8b465ee728b)  -> (artifact id: 'dc83e76d11455c126c9259bb1d6d5ce2') in 0.002210 seconds 
========================================================================
Received Import Request.
  Time since last request: 5.154406 seconds.
  path: Assets/EditModeTests/BuildingManagerPlaymodeTest.cs
  artifactKey: Guid(8e1250422e5257e47abd50de7cddc4c4) Importer(815301076,1909f56bfc062723c751e8b465ee728b)
Start importing Assets/EditModeTests/BuildingManagerPlaymodeTest.cs using Guid(8e1250422e5257e47abd50de7cddc4c4) Importer(815301076,1909f56bfc062723c751e8b465ee728b)  -> (artifact id: 'e1352f7514e5ba407dd51c93d81941e9') in 0.002115 seconds 
========================================================================
Received Import Request.
  Time since last request: 74.174926 seconds.
  path: Assets/EditModeTests/BuildingManagerPlaymodeTest.cs
  artifactKey: Guid(8e1250422e5257e47abd50de7cddc4c4) Importer(815301076,1909f56bfc062723c751e8b465ee728b)
Start importing Assets/EditModeTests/BuildingManagerPlaymodeTest.cs using Guid(8e1250422e5257e47abd50de7cddc4c4) Importer(815301076,1909f56bfc062723c751e8b465ee728b)  -> (artifact id: '0370b9333520f30c83aa5ad7404e257c') in 0.002052 seconds 
========================================================================
Received Import Request.
  Time since last request: 37.448162 seconds.
  path: Assets/EditModeTests/BuildingManagerPlaymodeTest.cs
  artifactKey: Guid(8e1250422e5257e47abd50de7cddc4c4) Importer(815301076,1909f56bfc062723c751e8b465ee728b)
Start importing Assets/EditModeTests/BuildingManagerPlaymodeTest.cs using Guid(8e1250422e5257e47abd50de7cddc4c4) Importer(815301076,1909f56bfc062723c751e8b465ee728b)  -> (artifact id: 'adec1ba2e07d7d02dd70e589e6dda950') in 0.002024 seconds 
========================================================================
Received Import Request.
  Time since last request: 6.463692 seconds.
  path: Assets/EditModeTests/BuildingManagerPlaymodeTest.cs
  artifactKey: Guid(8e1250422e5257e47abd50de7cddc4c4) Importer(815301076,1909f56bfc062723c751e8b465ee728b)
Start importing Assets/EditModeTests/BuildingManagerPlaymodeTest.cs using Guid(8e1250422e5257e47abd50de7cddc4c4) Importer(815301076,1909f56bfc062723c751e8b465ee728b)  -> (artifact id: '9a52f03ad6c24f2596a088410241fd29') in 0.002146 seconds 
========================================================================
Received Import Request.
  Time since last request: 20.174284 seconds.
  path: Assets/EditModeTests/BuildingManagerPlaymodeTest.cs
  artifactKey: Guid(8e1250422e5257e47abd50de7cddc4c4) Importer(815301076,1909f56bfc062723c751e8b465ee728b)
Start importing Assets/EditModeTests/BuildingManagerPlaymodeTest.cs using Guid(8e1250422e5257e47abd50de7cddc4c4) Importer(815301076,1909f56bfc062723c751e8b465ee728b)  -> (artifact id: '1966026ce61dbb51f2a6428ca4a150a4') in 0.002300 seconds 
========================================================================
Received Import Request.
  Time since last request: 182.113491 seconds.
  path: Assets/EditModeTests/BuildingManagerPlaymodeTest.cs
  artifactKey: Guid(8e1250422e5257e47abd50de7cddc4c4) Importer(815301076,1909f56bfc062723c751e8b465ee728b)
Start importing Assets/EditModeTests/BuildingManagerPlaymodeTest.cs using Guid(8e1250422e5257e47abd50de7cddc4c4) Importer(815301076,1909f56bfc062723c751e8b465ee728b)  -> (artifact id: 'b07648c4bb86a5992f1b7e30d0160427') in 0.002085 seconds 
========================================================================
Received Import Request.
  Time since last request: 76.121041 seconds.
  path: Assets/EditModeTests/BuildingManagerPlaymodeTest.cs
  artifactKey: Guid(8e1250422e5257e47abd50de7cddc4c4) Importer(815301076,1909f56bfc062723c751e8b465ee728b)
Start importing Assets/EditModeTests/BuildingManagerPlaymodeTest.cs using Guid(8e1250422e5257e47abd50de7cddc4c4) Importer(815301076,1909f56bfc062723c751e8b465ee728b)  -> (artifact id: '30daf5a9de9167c7e6d30741f15e7e18') in 0.002338 seconds 
========================================================================
Received Import Request.
  Time since last request: 58.053608 seconds.
  path: Assets/EditModeTests/BuildingManagerPlaymodeTest.cs
  artifactKey: Guid(8e1250422e5257e47abd50de7cddc4c4) Importer(815301076,1909f56bfc062723c751e8b465ee728b)
Start importing Assets/EditModeTests/BuildingManagerPlaymodeTest.cs using Guid(8e1250422e5257e47abd50de7cddc4c4) Importer(815301076,1909f56bfc062723c751e8b465ee728b)  -> (artifact id: '8d7031da362ae477896cc66775877bd1') in 0.002052 seconds 
========================================================================
Received Import Request.
  Time since last request: 3.479497 seconds.
  path: Assets/EditModeTests/BuildingManagerPlaymodeTest.cs
  artifactKey: Guid(8e1250422e5257e47abd50de7cddc4c4) Importer(815301076,1909f56bfc062723c751e8b465ee728b)
Start importing Assets/EditModeTests/BuildingManagerPlaymodeTest.cs using Guid(8e1250422e5257e47abd50de7cddc4c4) Importer(815301076,1909f56bfc062723c751e8b465ee728b)  -> (artifact id: 'e5f3d5cf79929a2cf73bf153b86d2af4') in 0.002101 seconds 
========================================================================
Received Import Request.
  Time since last request: 117.679556 seconds.
  path: Assets/EditModeTests/BuildingManagerPlaymodeTest.cs
  artifactKey: Guid(8e1250422e5257e47abd50de7cddc4c4) Importer(815301076,1909f56bfc062723c751e8b465ee728b)
Start importing Assets/EditModeTests/BuildingManagerPlaymodeTest.cs using Guid(8e1250422e5257e47abd50de7cddc4c4) Importer(815301076,1909f56bfc062723c751e8b465ee728b)  -> (artifact id: '1a2ce1fb06169b03e00df1dd5a56cdd1') in 0.002032 seconds 
========================================================================
Received Prepare
Registering precompiled user dll's ...
Registered in 0.002406 seconds.
Begin MonoManager ReloadAssembly
Native extension for WindowsStandalone target not found
Refreshing native plugins compatible for Editor in 0.45 ms, found 2 plugins.
Preloading 0 native plugins for Editor in 0.00 ms.
Warning: Annotation not found!
UnityEngine.StackTraceUtility:ExtractStackTrace ()
UnityEditor.ProBuilder.EditorUtility:SetGizmoIconEnabled (System.Type,bool) (at Library/PackageCache/com.unity.probuilder@5.0.3/Editor/EditorCore/EditorUtility.cs:575)
UnityEditor.ProBuilder.HierarchyListener:.cctor () (at Library/PackageCache/com.unity.probuilder@5.0.3/Editor/EditorCore/HierarchyListener.cs:21)
System.Runtime.CompilerServices.RuntimeHelpers:RunClassConstructor (System.RuntimeTypeHandle)
UnityEditor.EditorAssemblies:ProcessInitializeOnLoadAttributes (System.Type[])

[Library/PackageCache/com.unity.probuilder@5.0.3/Editor/EditorCore/EditorUtility.cs line 575]

Mono: successfully reloaded assembly
- Completed reload, in  0.767 seconds
Domain Reload Profiling:
	ReloadAssembly (768ms)
		BeginReloadAssembly (109ms)
			ExecutionOrderSort (0ms)
			DisableScriptedObjects (3ms)
			BackupInstance (0ms)
			ReleaseScriptingObjects (0ms)
			CreateAndSetChildDomain (29ms)
		EndReloadAssembly (611ms)
			LoadAssemblies (60ms)
			RebuildTransferFunctionScriptingTraits (0ms)
			SetupTypeCache (209ms)
			ReleaseScriptCaches (1ms)
			RebuildScriptCaches (34ms)
			SetupLoadedEditorAssemblies (241ms)
				LogAssemblyErrors (0ms)
				InitializePlatformSupportModulesInManaged (4ms)
				SetLoadedEditorAssemblies (0ms)
				RefreshPlugins (1ms)
				BeforeProcessingInitializeOnLoad (43ms)
				ProcessInitializeOnLoadAttributes (181ms)
				ProcessInitializeOnLoadMethodAttributes (3ms)
				AfterProcessingInitializeOnLoad (7ms)
				EditorAssembliesLoaded (0ms)
			ExecutionOrderSort2 (0ms)
			AwakeInstancesAfterBackupRestoration (5ms)
Platform modules already initialized, skipping
Refreshing native plugins compatible for Editor in 0.45 ms, found 2 plugins.
Preloading 0 native plugins for Editor in 0.00 ms.
Unloading 1950 Unused Serialized files (Serialized files now loaded: 0)
System memory in use before: 92.6 MB.
System memory in use after: 92.7 MB.

Unloading 15 unused Assets to reduce memory usage. Loaded Objects now: 2472.
Total: 2.409600 ms (FindLiveObjects: 0.156700 ms CreateObjectMapping: 0.047400 ms MarkObjects: 2.132400 ms  DeleteObjects: 0.072200 ms)

AssetImportParameters requested are different than current active one (requested -> active):
  custom:framework-win-MediaFoundation: 216162199b28c13a410421893ffa2e32 -> 
  custom:video-decoder-ogg-theora: a1e56fd34408186e4bbccfd4996cb3dc -> 
  custom:container-muxer-webm: aa71ff27fc2769a1b78a27578f13a17b -> 
  custom:container-demuxer-webm: 4f35f7cbe854078d1ac9338744f61a02 -> 
  custom:container-demuxer-ogg: 62fdf1f143b41e24485cea50d1cbac27 -> 
  custom:video-encoder-webm-vp8: eb34c28f22e8b96e1ab97ce403110664 -> 
  custom:video-decoder-webm-vp8: 9c59270c3fd7afecdb556c50c9e8de78 -> 
  custom:audio-decoder-ogg-vorbis: bf7c407c2cedff20999df2af8eb42d56 -> 
  custom:audio-encoder-webm-vorbis: bf7c407c2cedff20999df2af8eb42d56 -> 
========================================================================
Received Prepare
Registering precompiled user dll's ...
Registered in 0.002452 seconds.
Begin MonoManager ReloadAssembly
Native extension for WindowsStandalone target not found
Refreshing native plugins compatible for Editor in 0.43 ms, found 2 plugins.
Preloading 0 native plugins for Editor in 0.00 ms.
Warning: Annotation not found!
UnityEngine.StackTraceUtility:ExtractStackTrace ()
UnityEditor.ProBuilder.EditorUtility:SetGizmoIconEnabled (System.Type,bool) (at Library/PackageCache/com.unity.probuilder@5.0.3/Editor/EditorCore/EditorUtility.cs:575)
UnityEditor.ProBuilder.HierarchyListener:.cctor () (at Library/PackageCache/com.unity.probuilder@5.0.3/Editor/EditorCore/HierarchyListener.cs:21)
System.Runtime.CompilerServices.RuntimeHelpers:RunClassConstructor (System.RuntimeTypeHandle)
UnityEditor.EditorAssemblies:ProcessInitializeOnLoadAttributes (System.Type[])

[Library/PackageCache/com.unity.probuilder@5.0.3/Editor/EditorCore/EditorUtility.cs line 575]

Mono: successfully reloaded assembly
- Completed reload, in  0.752 seconds
Domain Reload Profiling:
	ReloadAssembly (752ms)
		BeginReloadAssembly (99ms)
			ExecutionOrderSort (0ms)
			DisableScriptedObjects (3ms)
			BackupInstance (0ms)
			ReleaseScriptingObjects (0ms)
			CreateAndSetChildDomain (30ms)
		EndReloadAssembly (605ms)
			LoadAssemblies (60ms)
			RebuildTransferFunctionScriptingTraits (0ms)
			SetupTypeCache (206ms)
			ReleaseScriptCaches (1ms)
			RebuildScriptCaches (33ms)
			SetupLoadedEditorAssemblies (238ms)
				LogAssemblyErrors (0ms)
				InitializePlatformSupportModulesInManaged (4ms)
				SetLoadedEditorAssemblies (0ms)
				RefreshPlugins (1ms)
				BeforeProcessingInitializeOnLoad (43ms)
				ProcessInitializeOnLoadAttributes (180ms)
				ProcessInitializeOnLoadMethodAttributes (3ms)
				AfterProcessingInitializeOnLoad (7ms)
				EditorAssembliesLoaded (0ms)
			ExecutionOrderSort2 (0ms)
			AwakeInstancesAfterBackupRestoration (5ms)
Platform modules already initialized, skipping
Refreshing native plugins compatible for Editor in 0.43 ms, found 2 plugins.
Preloading 0 native plugins for Editor in 0.00 ms.
Unloading 1950 Unused Serialized files (Serialized files now loaded: 0)
System memory in use before: 92.6 MB.
System memory in use after: 92.7 MB.

Unloading 15 unused Assets to reduce memory usage. Loaded Objects now: 2474.
Total: 2.460400 ms (FindLiveObjects: 0.153000 ms CreateObjectMapping: 0.053800 ms MarkObjects: 2.181400 ms  DeleteObjects: 0.070800 ms)

AssetImportParameters requested are different than current active one (requested -> active):
  custom:framework-win-MediaFoundation: 216162199b28c13a410421893ffa2e32 -> 
  custom:video-decoder-ogg-theora: a1e56fd34408186e4bbccfd4996cb3dc -> 
  custom:container-muxer-webm: aa71ff27fc2769a1b78a27578f13a17b -> 
  custom:container-demuxer-webm: 4f35f7cbe854078d1ac9338744f61a02 -> 
  custom:container-demuxer-ogg: 62fdf1f143b41e24485cea50d1cbac27 -> 
  custom:video-encoder-webm-vp8: eb34c28f22e8b96e1ab97ce403110664 -> 
  custom:video-decoder-webm-vp8: 9c59270c3fd7afecdb556c50c9e8de78 -> 
  custom:audio-decoder-ogg-vorbis: bf7c407c2cedff20999df2af8eb42d56 -> 
  custom:audio-encoder-webm-vorbis: bf7c407c2cedff20999df2af8eb42d56 -> 
========================================================================
Received Prepare
Registering precompiled user dll's ...
Registered in 0.002301 seconds.
Begin MonoManager ReloadAssembly
Native extension for WindowsStandalone target not found
Refreshing native plugins compatible for Editor in 0.42 ms, found 2 plugins.
Preloading 0 native plugins for Editor in 0.00 ms.
Warning: Annotation not found!
UnityEngine.StackTraceUtility:ExtractStackTrace ()
UnityEditor.ProBuilder.EditorUtility:SetGizmoIconEnabled (System.Type,bool) (at Library/PackageCache/com.unity.probuilder@5.0.3/Editor/EditorCore/EditorUtility.cs:575)
UnityEditor.ProBuilder.HierarchyListener:.cctor () (at Library/PackageCache/com.unity.probuilder@5.0.3/Editor/EditorCore/HierarchyListener.cs:21)
System.Runtime.CompilerServices.RuntimeHelpers:RunClassConstructor (System.RuntimeTypeHandle)
UnityEditor.EditorAssemblies:ProcessInitializeOnLoadAttributes (System.Type[])

[Library/PackageCache/com.unity.probuilder@5.0.3/Editor/EditorCore/EditorUtility.cs line 575]

Mono: successfully reloaded assembly
- Completed reload, in  0.766 seconds
Domain Reload Profiling:
	ReloadAssembly (766ms)
		BeginReloadAssembly (100ms)
			ExecutionOrderSort (0ms)
			DisableScriptedObjects (3ms)
			BackupInstance (0ms)
			ReleaseScriptingObjects (0ms)
			CreateAndSetChildDomain (28ms)
		EndReloadAssembly (618ms)
			LoadAssemblies (61ms)
			RebuildTransferFunctionScriptingTraits (0ms)
			SetupTypeCache (211ms)
			ReleaseScriptCaches (1ms)
			RebuildScriptCaches (33ms)
			SetupLoadedEditorAssemblies (243ms)
				LogAssemblyErrors (0ms)
				InitializePlatformSupportModulesInManaged (4ms)
				SetLoadedEditorAssemblies (0ms)
				RefreshPlugins (1ms)
				BeforeProcessingInitializeOnLoad (43ms)
				ProcessInitializeOnLoadAttributes (183ms)
				ProcessInitializeOnLoadMethodAttributes (3ms)
				AfterProcessingInitializeOnLoad (8ms)
				EditorAssembliesLoaded (0ms)
			ExecutionOrderSort2 (0ms)
			AwakeInstancesAfterBackupRestoration (5ms)
Platform modules already initialized, skipping
Refreshing native plugins compatible for Editor in 0.43 ms, found 2 plugins.
Preloading 0 native plugins for Editor in 0.00 ms.
Unloading 1950 Unused Serialized files (Serialized files now loaded: 0)
System memory in use before: 92.7 MB.
System memory in use after: 92.8 MB.

Unloading 15 unused Assets to reduce memory usage. Loaded Objects now: 2476.
Total: 2.137600 ms (FindLiveObjects: 0.134800 ms CreateObjectMapping: 0.040200 ms MarkObjects: 1.903300 ms  DeleteObjects: 0.058300 ms)

AssetImportParameters requested are different than current active one (requested -> active):
  custom:framework-win-MediaFoundation: 216162199b28c13a410421893ffa2e32 -> 
  custom:video-decoder-ogg-theora: a1e56fd34408186e4bbccfd4996cb3dc -> 
  custom:container-muxer-webm: aa71ff27fc2769a1b78a27578f13a17b -> 
  custom:container-demuxer-webm: 4f35f7cbe854078d1ac9338744f61a02 -> 
  custom:container-demuxer-ogg: 62fdf1f143b41e24485cea50d1cbac27 -> 
  custom:video-encoder-webm-vp8: eb34c28f22e8b96e1ab97ce403110664 -> 
  custom:video-decoder-webm-vp8: 9c59270c3fd7afecdb556c50c9e8de78 -> 
  custom:audio-decoder-ogg-vorbis: bf7c407c2cedff20999df2af8eb42d56 -> 
  custom:audio-encoder-webm-vorbis: bf7c407c2cedff20999df2af8eb42d56 -> 
========================================================================
Received Prepare
Registering precompiled user dll's ...
Registered in 0.002483 seconds.
Begin MonoManager ReloadAssembly
Native extension for WindowsStandalone target not found
Refreshing native plugins compatible for Editor in 0.43 ms, found 2 plugins.
Preloading 0 native plugins for Editor in 0.00 ms.
Warning: Annotation not found!
UnityEngine.StackTraceUtility:ExtractStackTrace ()
UnityEditor.ProBuilder.EditorUtility:SetGizmoIconEnabled (System.Type,bool) (at Library/PackageCache/com.unity.probuilder@5.0.3/Editor/EditorCore/EditorUtility.cs:575)
UnityEditor.ProBuilder.HierarchyListener:.cctor () (at Library/PackageCache/com.unity.probuilder@5.0.3/Editor/EditorCore/HierarchyListener.cs:21)
System.Runtime.CompilerServices.RuntimeHelpers:RunClassConstructor (System.RuntimeTypeHandle)
UnityEditor.EditorAssemblies:ProcessInitializeOnLoadAttributes (System.Type[])

[Library/PackageCache/com.unity.probuilder@5.0.3/Editor/EditorCore/EditorUtility.cs line 575]

Mono: successfully reloaded assembly
- Completed reload, in  0.753 seconds
Domain Reload Profiling:
	ReloadAssembly (753ms)
		BeginReloadAssembly (103ms)
			ExecutionOrderSort (0ms)
			DisableScriptedObjects (3ms)
			BackupInstance (0ms)
			ReleaseScriptingObjects (0ms)
			CreateAndSetChildDomain (27ms)
		EndReloadAssembly (602ms)
			LoadAssemblies (60ms)
			RebuildTransferFunctionScriptingTraits (0ms)
			SetupTypeCache (203ms)
			ReleaseScriptCaches (1ms)
			RebuildScriptCaches (33ms)
			SetupLoadedEditorAssemblies (238ms)
				LogAssemblyErrors (0ms)
				InitializePlatformSupportModulesInManaged (4ms)
				SetLoadedEditorAssemblies (0ms)
				RefreshPlugins (1ms)
				BeforeProcessingInitializeOnLoad (43ms)
				ProcessInitializeOnLoadAttributes (179ms)
				ProcessInitializeOnLoadMethodAttributes (3ms)
				AfterProcessingInitializeOnLoad (8ms)
				EditorAssembliesLoaded (0ms)
			ExecutionOrderSort2 (0ms)
			AwakeInstancesAfterBackupRestoration (5ms)
Platform modules already initialized, skipping
Refreshing native plugins compatible for Editor in 0.53 ms, found 2 plugins.
Preloading 0 native plugins for Editor in 0.00 ms.
Unloading 1950 Unused Serialized files (Serialized files now loaded: 0)
System memory in use before: 92.7 MB.
System memory in use after: 92.8 MB.

Unloading 15 unused Assets to reduce memory usage. Loaded Objects now: 2478.
Total: 2.330200 ms (FindLiveObjects: 0.150300 ms CreateObjectMapping: 0.054500 ms MarkObjects: 2.062700 ms  DeleteObjects: 0.061700 ms)

AssetImportParameters requested are different than current active one (requested -> active):
  custom:framework-win-MediaFoundation: 216162199b28c13a410421893ffa2e32 -> 
  custom:video-decoder-ogg-theora: a1e56fd34408186e4bbccfd4996cb3dc -> 
  custom:container-muxer-webm: aa71ff27fc2769a1b78a27578f13a17b -> 
  custom:container-demuxer-webm: 4f35f7cbe854078d1ac9338744f61a02 -> 
  custom:container-demuxer-ogg: 62fdf1f143b41e24485cea50d1cbac27 -> 
  custom:video-encoder-webm-vp8: eb34c28f22e8b96e1ab97ce403110664 -> 
  custom:video-decoder-webm-vp8: 9c59270c3fd7afecdb556c50c9e8de78 -> 
  custom:audio-decoder-ogg-vorbis: bf7c407c2cedff20999df2af8eb42d56 -> 
  custom:audio-encoder-webm-vorbis: bf7c407c2cedff20999df2af8eb42d56 -> 
AssetImportWorkerClient::OnTransportError - code=2 error=End of file
