Using pre-set license
Built from '2021.1/staging' branch; Version is '2021.1.14f1 (51d2f824827f) revision 5362424'; Using compiler version '192528614'; Build Type 'Release'
OS: 'Windows 10 Home; OS build 19042.1165; Version 2009; 64bit' Language: 'sv' Physical Memory: 32689 MB
BatchMode: 1, IsHumanControllingUs: 0, StartBugReporterOnCrash: 0, Is64bit: 1, IsPro: 0

 COMMAND LINE ARGUMENTS:
C:\Program Files\Unity\Hub\Editor\2021.1.14f1\Editor\Unity.exe
-adb2
-batchMode
-noUpm
-name
AssetImportWorker1
-projectPath
D:/PersonalProjects/PersonalProjects/CityBuilder/CityBuilder
-logFile
Logs/AssetImportWorker1.log
-srvPort
52174
Successfully changed project path to: D:/PersonalProjects/PersonalProjects/CityBuilder/CityBuilder
D:/PersonalProjects/PersonalProjects/CityBuilder/CityBuilder
Using Asset Import Pipeline V2.
Refreshing native plugins compatible for Editor in 31.27 ms, found 2 plugins.
Preloading 0 native plugins for Editor in 0.00 ms.
Initialize engine version: 2021.1.14f1 (51d2f824827f)
[Subsystems] Discovering subsystems at path C:/Program Files/Unity/Hub/Editor/2021.1.14f1/Editor/Data/Resources/UnitySubsystems
[Subsystems] Discovering subsystems at path D:/PersonalProjects/PersonalProjects/CityBuilder/CityBuilder/Assets
GfxDevice: creating device client; threaded=0; jobified=0
Direct3D:
    Version:  Direct3D 11.0 [level 11.1]
    Renderer: NVIDIA GeForce RTX 3070 Ti (ID=0x2482)
    Vendor:   NVIDIA
    VRAM:     8041 MB
    Driver:   30.0.14.7141
Initialize mono
Mono path[0] = 'C:/Program Files/Unity/Hub/Editor/2021.1.14f1/Editor/Data/Managed'
Mono path[1] = 'C:/Program Files/Unity/Hub/Editor/2021.1.14f1/Editor/Data/MonoBleedingEdge/lib/mono/unityjit'
Mono config path = 'C:/Program Files/Unity/Hub/Editor/2021.1.14f1/Editor/Data/MonoBleedingEdge/etc'
Using monoOptions --debugger-agent=transport=dt_socket,embedding=1,server=y,suspend=n,address=127.0.0.1:56644
Begin MonoManager ReloadAssembly
Registering precompiled unity dll's ...
Register platform support module: C:/Program Files/Unity/Hub/Editor/2021.1.14f1/Editor/Data/PlaybackEngines/WindowsStandaloneSupport/UnityEditor.WindowsStandalone.Extensions.dll
Registered in 0.002240 seconds.
Native extension for WindowsStandalone target not found
Refreshing native plugins compatible for Editor in 30.12 ms, found 2 plugins.
Preloading 0 native plugins for Editor in 0.00 ms.
Mono: successfully reloaded assembly
- Completed reload, in  1.948 seconds
Domain Reload Profiling:
	ReloadAssembly (1949ms)
		BeginReloadAssembly (44ms)
			ExecutionOrderSort (0ms)
			DisableScriptedObjects (0ms)
			BackupInstance (0ms)
			ReleaseScriptingObjects (0ms)
			CreateAndSetChildDomain (1ms)
		EndReloadAssembly (311ms)
			LoadAssemblies (40ms)
			RebuildTransferFunctionScriptingTraits (0ms)
			SetupTypeCache (112ms)
			ReleaseScriptCaches (0ms)
			RebuildScriptCaches (23ms)
			SetupLoadedEditorAssemblies (136ms)
				LogAssemblyErrors (0ms)
				InitializePlatformSupportModulesInManaged (5ms)
				SetLoadedEditorAssemblies (0ms)
				RefreshPlugins (31ms)
				BeforeProcessingInitializeOnLoad (1ms)
				ProcessInitializeOnLoadAttributes (77ms)
				ProcessInitializeOnLoadMethodAttributes (21ms)
				AfterProcessingInitializeOnLoad (0ms)
				EditorAssembliesLoaded (0ms)
			ExecutionOrderSort2 (0ms)
			AwakeInstancesAfterBackupRestoration (0ms)
Platform modules already initialized, skipping
Registering precompiled user dll's ...
Registered in 0.002648 seconds.
Begin MonoManager ReloadAssembly
Native extension for WindowsStandalone target not found
Refreshing native plugins compatible for Editor in 0.44 ms, found 2 plugins.
Preloading 0 native plugins for Editor in 0.00 ms.
Mono: successfully reloaded assembly
- Completed reload, in  0.849 seconds
Domain Reload Profiling:
	ReloadAssembly (850ms)
		BeginReloadAssembly (108ms)
			ExecutionOrderSort (0ms)
			DisableScriptedObjects (4ms)
			BackupInstance (0ms)
			ReleaseScriptingObjects (0ms)
			CreateAndSetChildDomain (16ms)
		EndReloadAssembly (692ms)
			LoadAssemblies (61ms)
			RebuildTransferFunctionScriptingTraits (0ms)
			SetupTypeCache (222ms)
			ReleaseScriptCaches (0ms)
			RebuildScriptCaches (38ms)
			SetupLoadedEditorAssemblies (303ms)
				LogAssemblyErrors (0ms)
				InitializePlatformSupportModulesInManaged (5ms)
				SetLoadedEditorAssemblies (0ms)
				RefreshPlugins (1ms)
				BeforeProcessingInitializeOnLoad (51ms)
				ProcessInitializeOnLoadAttributes (232ms)
				ProcessInitializeOnLoadMethodAttributes (5ms)
				AfterProcessingInitializeOnLoad (9ms)
				EditorAssembliesLoaded (0ms)
			ExecutionOrderSort2 (0ms)
			AwakeInstancesAfterBackupRestoration (5ms)
Platform modules already initialized, skipping
========================================================================
Worker process is ready to serve import requests
Launched and connected shader compiler UnityShaderCompiler.exe after 0.04 seconds
Refreshing native plugins compatible for Editor in 0.45 ms, found 2 plugins.
Preloading 0 native plugins for Editor in 0.00 ms.
Unloading 2036 Unused Serialized files (Serialized files now loaded: 0)
System memory in use before: 99.3 MB.
System memory in use after: 99.4 MB.

Unloading 83 unused Assets to reduce memory usage. Loaded Objects now: 2483.
Total: 2.557800 ms (FindLiveObjects: 0.137300 ms CreateObjectMapping: 0.055000 ms MarkObjects: 2.217200 ms  DeleteObjects: 0.147300 ms)

AssetImportParameters requested are different than current active one (requested -> active):
  custom:framework-win-MediaFoundation: 216162199b28c13a410421893ffa2e32 -> 
  custom:video-decoder-ogg-theora: a1e56fd34408186e4bbccfd4996cb3dc -> 
  custom:container-muxer-webm: aa71ff27fc2769a1b78a27578f13a17b -> 
  custom:container-demuxer-webm: 4f35f7cbe854078d1ac9338744f61a02 -> 
  custom:container-demuxer-ogg: 62fdf1f143b41e24485cea50d1cbac27 -> 
  custom:video-encoder-webm-vp8: eb34c28f22e8b96e1ab97ce403110664 -> 
  custom:video-decoder-webm-vp8: 9c59270c3fd7afecdb556c50c9e8de78 -> 
  custom:audio-decoder-ogg-vorbis: bf7c407c2cedff20999df2af8eb42d56 -> 
  custom:audio-encoder-webm-vorbis: bf7c407c2cedff20999df2af8eb42d56 -> 
========================================================================
Received Import Request.
  path: Assets/Scripts/BuildingManagerHelpers/ZonePlacementHelper.cs
  artifactKey: Guid(0ce5335e5353cbb40bcda93a103826ed) Importer(815301076,1909f56bfc062723c751e8b465ee728b)
Start importing Assets/Scripts/BuildingManagerHelpers/ZonePlacementHelper.cs using Guid(0ce5335e5353cbb40bcda93a103826ed) Importer(815301076,1909f56bfc062723c751e8b465ee728b)  -> (artifact id: 'fdb249c375609fafaa672c1abfccd9b9') in 0.028217 seconds 
========================================================================
Received Prepare
Registering precompiled user dll's ...
Registered in 0.002369 seconds.
Begin MonoManager ReloadAssembly
Native extension for WindowsStandalone target not found
Refreshing native plugins compatible for Editor in 0.44 ms, found 2 plugins.
Preloading 0 native plugins for Editor in 0.00 ms.
Warning: Annotation not found!
UnityEngine.StackTraceUtility:ExtractStackTrace ()
UnityEditor.ProBuilder.EditorUtility:SetGizmoIconEnabled (System.Type,bool) (at Library/PackageCache/com.unity.probuilder@5.0.3/Editor/EditorCore/EditorUtility.cs:575)
UnityEditor.ProBuilder.HierarchyListener:.cctor () (at Library/PackageCache/com.unity.probuilder@5.0.3/Editor/EditorCore/HierarchyListener.cs:21)
System.Runtime.CompilerServices.RuntimeHelpers:RunClassConstructor (System.RuntimeTypeHandle)
UnityEditor.EditorAssemblies:ProcessInitializeOnLoadAttributes (System.Type[])

[Library/PackageCache/com.unity.probuilder@5.0.3/Editor/EditorCore/EditorUtility.cs line 575]

Mono: successfully reloaded assembly
- Completed reload, in  0.751 seconds
Domain Reload Profiling:
	ReloadAssembly (752ms)
		BeginReloadAssembly (96ms)
			ExecutionOrderSort (0ms)
			DisableScriptedObjects (3ms)
			BackupInstance (0ms)
			ReleaseScriptingObjects (0ms)
			CreateAndSetChildDomain (28ms)
		EndReloadAssembly (609ms)
			LoadAssemblies (60ms)
			RebuildTransferFunctionScriptingTraits (0ms)
			SetupTypeCache (206ms)
			ReleaseScriptCaches (1ms)
			RebuildScriptCaches (32ms)
			SetupLoadedEditorAssemblies (242ms)
				LogAssemblyErrors (0ms)
				InitializePlatformSupportModulesInManaged (5ms)
				SetLoadedEditorAssemblies (0ms)
				RefreshPlugins (1ms)
				BeforeProcessingInitializeOnLoad (43ms)
				ProcessInitializeOnLoadAttributes (181ms)
				ProcessInitializeOnLoadMethodAttributes (3ms)
				AfterProcessingInitializeOnLoad (8ms)
				EditorAssembliesLoaded (0ms)
			ExecutionOrderSort2 (0ms)
			AwakeInstancesAfterBackupRestoration (5ms)
Platform modules already initialized, skipping
Refreshing native plugins compatible for Editor in 0.44 ms, found 2 plugins.
Preloading 0 native plugins for Editor in 0.00 ms.
Unloading 1963 Unused Serialized files (Serialized files now loaded: 0)
System memory in use before: 93.1 MB.
System memory in use after: 93.1 MB.

Unloading 15 unused Assets to reduce memory usage. Loaded Objects now: 2485.
Total: 2.276000 ms (FindLiveObjects: 0.144400 ms CreateObjectMapping: 0.052300 ms MarkObjects: 2.018900 ms  DeleteObjects: 0.059400 ms)

AssetImportParameters requested are different than current active one (requested -> active):
  custom:framework-win-MediaFoundation: 216162199b28c13a410421893ffa2e32 -> 
  custom:video-decoder-ogg-theora: a1e56fd34408186e4bbccfd4996cb3dc -> 
  custom:container-muxer-webm: aa71ff27fc2769a1b78a27578f13a17b -> 
  custom:container-demuxer-webm: 4f35f7cbe854078d1ac9338744f61a02 -> 
  custom:container-demuxer-ogg: 62fdf1f143b41e24485cea50d1cbac27 -> 
  custom:video-encoder-webm-vp8: eb34c28f22e8b96e1ab97ce403110664 -> 
  custom:video-decoder-webm-vp8: 9c59270c3fd7afecdb556c50c9e8de78 -> 
  custom:audio-decoder-ogg-vorbis: bf7c407c2cedff20999df2af8eb42d56 -> 
  custom:audio-encoder-webm-vorbis: bf7c407c2cedff20999df2af8eb42d56 -> 
========================================================================
Received Import Request.
  Time since last request: 273.356661 seconds.
  path: Assets/Scripts/BuildingManagerHelpers/ZonePlacementHelper.cs
  artifactKey: Guid(0ce5335e5353cbb40bcda93a103826ed) Importer(815301076,1909f56bfc062723c751e8b465ee728b)
Start importing Assets/Scripts/BuildingManagerHelpers/ZonePlacementHelper.cs using Guid(0ce5335e5353cbb40bcda93a103826ed) Importer(815301076,1909f56bfc062723c751e8b465ee728b)  -> (artifact id: 'e8d1d404900f29e67d11b16d1f9d7d46') in 0.004610 seconds 
========================================================================
Received Import Request.
  Time since last request: 96.407456 seconds.
  path: Assets/Scripts/BuildingManagerHelpers/ZonePlacementHelper.cs
  artifactKey: Guid(0ce5335e5353cbb40bcda93a103826ed) Importer(815301076,1909f56bfc062723c751e8b465ee728b)
Start importing Assets/Scripts/BuildingManagerHelpers/ZonePlacementHelper.cs using Guid(0ce5335e5353cbb40bcda93a103826ed) Importer(815301076,1909f56bfc062723c751e8b465ee728b)  -> (artifact id: '3cd568b9037973c779ca176012253414') in 0.012912 seconds 
========================================================================
Received Import Request.
  Time since last request: 15.100321 seconds.
  path: Assets/Scripts/BuildingManagerHelpers/ZonePlacementHelper.cs
  artifactKey: Guid(0ce5335e5353cbb40bcda93a103826ed) Importer(815301076,1909f56bfc062723c751e8b465ee728b)
Start importing Assets/Scripts/BuildingManagerHelpers/ZonePlacementHelper.cs using Guid(0ce5335e5353cbb40bcda93a103826ed) Importer(815301076,1909f56bfc062723c751e8b465ee728b)  -> (artifact id: '0627c8f5297973123518032af6061422') in 0.004661 seconds 
========================================================================
Received Import Request.
  Time since last request: 6.163292 seconds.
  path: Assets/Scripts/BuildingManagerHelpers/ZonePlacementHelper.cs
  artifactKey: Guid(0ce5335e5353cbb40bcda93a103826ed) Importer(815301076,1909f56bfc062723c751e8b465ee728b)
Start importing Assets/Scripts/BuildingManagerHelpers/ZonePlacementHelper.cs using Guid(0ce5335e5353cbb40bcda93a103826ed) Importer(815301076,1909f56bfc062723c751e8b465ee728b)  -> (artifact id: '8273559531b4a8a9c7691aa7152965ff') in 0.008925 seconds 
========================================================================
Received Import Request.
  Time since last request: 46.395043 seconds.
  path: Assets/Scripts/BuildingManagerHelpers/ZonePlacementHelper.cs
  artifactKey: Guid(0ce5335e5353cbb40bcda93a103826ed) Importer(815301076,1909f56bfc062723c751e8b465ee728b)
Start importing Assets/Scripts/BuildingManagerHelpers/ZonePlacementHelper.cs using Guid(0ce5335e5353cbb40bcda93a103826ed) Importer(815301076,1909f56bfc062723c751e8b465ee728b)  -> (artifact id: '772f6cee0885d12ec621d6c5ea4d9285') in 0.008663 seconds 
========================================================================
Received Import Request.
  Time since last request: 80.022026 seconds.
  path: Assets/Scripts/BuildingManagerHelpers/ZoneCalculator.cs
  artifactKey: Guid(1848f581ca6b44a49bb91fef340231ed) Importer(815301076,1909f56bfc062723c751e8b465ee728b)
Start importing Assets/Scripts/BuildingManagerHelpers/ZoneCalculator.cs using Guid(1848f581ca6b44a49bb91fef340231ed) Importer(815301076,1909f56bfc062723c751e8b465ee728b)  -> (artifact id: '48b973efd52d72e0a9ea5fc391100ad1') in 0.002542 seconds 
========================================================================
Received Import Request.
  Time since last request: 89.975145 seconds.
  path: Assets/Scripts/BuildingManagerHelpers/ZoneCalculator.cs
  artifactKey: Guid(1848f581ca6b44a49bb91fef340231ed) Importer(815301076,1909f56bfc062723c751e8b465ee728b)
Start importing Assets/Scripts/BuildingManagerHelpers/ZoneCalculator.cs using Guid(1848f581ca6b44a49bb91fef340231ed) Importer(815301076,1909f56bfc062723c751e8b465ee728b)  -> (artifact id: 'bd1ee81fb69a8091ae875bcc8c4eb3d8') in 0.024113 seconds 
========================================================================
Received Import Request.
  Time since last request: 500.803462 seconds.
  path: Assets/Scripts/BuildingManagerHelpers/ZoneCalculator.cs
  artifactKey: Guid(1848f581ca6b44a49bb91fef340231ed) Importer(815301076,1909f56bfc062723c751e8b465ee728b)
Start importing Assets/Scripts/BuildingManagerHelpers/ZoneCalculator.cs using Guid(1848f581ca6b44a49bb91fef340231ed) Importer(815301076,1909f56bfc062723c751e8b465ee728b)  -> (artifact id: '5654a2448e9f0afac534bbae294ea88a') in 0.006907 seconds 
========================================================================
Received Import Request.
  Time since last request: 111.410168 seconds.
  path: Assets/Scripts/BuildingManagerHelpers/ZoneCalculator.cs
  artifactKey: Guid(1848f581ca6b44a49bb91fef340231ed) Importer(815301076,1909f56bfc062723c751e8b465ee728b)
Start importing Assets/Scripts/BuildingManagerHelpers/ZoneCalculator.cs using Guid(1848f581ca6b44a49bb91fef340231ed) Importer(815301076,1909f56bfc062723c751e8b465ee728b)  -> (artifact id: '0203e955150f7f464f77fbaeaf514180') in 0.004707 seconds 
========================================================================
Received Import Request.
  Time since last request: 58.966361 seconds.
  path: Assets/Scripts/BuildingManagerHelpers/ZoneCalculator.cs
  artifactKey: Guid(1848f581ca6b44a49bb91fef340231ed) Importer(815301076,1909f56bfc062723c751e8b465ee728b)
Start importing Assets/Scripts/BuildingManagerHelpers/ZoneCalculator.cs using Guid(1848f581ca6b44a49bb91fef340231ed) Importer(815301076,1909f56bfc062723c751e8b465ee728b)  -> (artifact id: '11a34bf499e399c76b6e3f7bbf408b9a') in 0.001969 seconds 
========================================================================
Received Import Request.
  Time since last request: 62.616453 seconds.
  path: Assets/Scripts/BuildingManagerHelpers/ZoneCalculator.cs
  artifactKey: Guid(1848f581ca6b44a49bb91fef340231ed) Importer(815301076,1909f56bfc062723c751e8b465ee728b)
Start importing Assets/Scripts/BuildingManagerHelpers/ZoneCalculator.cs using Guid(1848f581ca6b44a49bb91fef340231ed) Importer(815301076,1909f56bfc062723c751e8b465ee728b)  -> (artifact id: '910e7f6a5cb5afa8d2a2c441a404a0d1') in 0.002082 seconds 
========================================================================
Received Import Request.
  Time since last request: 24.361833 seconds.
  path: Assets/Scripts/BuildingManagerHelpers/ZoneCalculator.cs
  artifactKey: Guid(1848f581ca6b44a49bb91fef340231ed) Importer(815301076,1909f56bfc062723c751e8b465ee728b)
Start importing Assets/Scripts/BuildingManagerHelpers/ZoneCalculator.cs using Guid(1848f581ca6b44a49bb91fef340231ed) Importer(815301076,1909f56bfc062723c751e8b465ee728b)  -> (artifact id: '092e0a18a2c1a2a749132b858948dc05') in 0.002805 seconds 
========================================================================
Received Import Request.
  Time since last request: 132.720835 seconds.
  path: Assets/Scripts/BuildingManagerHelpers/ZoneCalculator.cs
  artifactKey: Guid(1848f581ca6b44a49bb91fef340231ed) Importer(815301076,1909f56bfc062723c751e8b465ee728b)
Start importing Assets/Scripts/BuildingManagerHelpers/ZoneCalculator.cs using Guid(1848f581ca6b44a49bb91fef340231ed) Importer(815301076,1909f56bfc062723c751e8b465ee728b)  -> (artifact id: 'b5a3e83f9a9894428a9a357f23694fd2') in 0.002102 seconds 
AssetImportWorkerClient::OnTransportError - code=2 error=End of file
